/*C8*/SET SCHEMA PUBLIC
CONNECT USER SA
DISCONNECT
/*C9*/SET SCHEMA PUBLIC
CONNECT USER SA
/*C10*/SET SCHEMA PUBLIC
CONNECT USER SA
/*C11*/SET SCHEMA PUBLIC
CONNECT USER SA
/*C12*/SET SCHEMA PUBLIC
CONNECT USER SA
/*C13*/SET SCHEMA PUBLIC
CONNECT USER SA
INSERT INTO USERS VALUES(8,'A','B','1994-01-01')
DISCONNECT
/*C14*/SET SCHEMA PUBLIC
CONNECT USER SA
/*C15*/SET SCHEMA PUBLIC
CONNECT USER SA
/*C16*/SET SCHEMA PUBLIC
CONNECT USER SA
/*C17*/SET SCHEMA PUBLIC
CONNECT USER SA
/*C9*/DISCONNECT
/*C10*/DISCONNECT
/*C11*/DISCONNECT
/*C12*/DISCONNECT
/*C14*/DISCONNECT
/*C15*/DISCONNECT
/*C16*/DISCONNECT
/*C17*/DISCONNECT
/*C18*/SET SCHEMA PUBLIC
CONNECT USER SA
DELETE FROM USERS WHERE ID=8
INSERT INTO USERS VALUES(8,'A','C','1994-01-01')
DISCONNECT
/*C19*/SET SCHEMA PUBLIC
CONNECT USER SA
/*C20*/SET SCHEMA PUBLIC
CONNECT USER SA
/*C21*/SET SCHEMA PUBLIC
CONNECT USER SA
/*C22*/SET SCHEMA PUBLIC
CONNECT USER SA
/*C23*/SET SCHEMA PUBLIC
CONNECT USER SA
DELETE FROM USERS WHERE ID=8
DISCONNECT
/*C24*/SET SCHEMA PUBLIC
CONNECT USER SA
/*C25*/SET SCHEMA PUBLIC
CONNECT USER SA
